<?xml version="1.0" encoding="UTF-8"?>
<!-- Generated by org.testng.reporters.JUnitXMLReporter -->
<testsuite hostname="IND04865" ignored="0" name="Test" tests="2" failures="1" timestamp="2022-06-18T18:17:50 IST" time="12.011" errors="0">
  <testcase name="Testcase1" time="11.899" classname="gridexample.Demo1"/>
  <testcase name="Testcase1" time="0.05" classname="gridexample.Headless">
    <failure type="java.lang.IllegalStateException" message="The driver executable does not exist: D:\Simplilearn_Batch\TestProjectPipeline\.\BrowserUtils\chromedriver.exe">
      <![CDATA[java.lang.IllegalStateException: The driver executable does not exist: D:\Simplilearn_Batch\TestProjectPipeline\.\BrowserUtils\chromedriver.exe
at com.google.common.base.Preconditions.checkState(Preconditions.java:585)
at org.openqa.selenium.remote.service.DriverService.checkExecutable(DriverService.java:146)
at org.openqa.selenium.remote.service.DriverService.findExecutable(DriverService.java:141)
at org.openqa.selenium.chrome.ChromeDriverService.access$000(ChromeDriverService.java:35)
at org.openqa.selenium.chrome.ChromeDriverService$Builder.findDefaultExecutable(ChromeDriverService.java:159)
at org.openqa.selenium.remote.service.DriverService$Builder.build(DriverService.java:355)
at org.openqa.selenium.chrome.ChromeDriverService.createDefaultService(ChromeDriverService.java:94)
at org.openqa.selenium.chrome.ChromeDriver.<init>(ChromeDriver.java:157)
at gridexample.Headless.Testcase1(Headless.java:28)
at java.util.ArrayList.forEach(Unknown Source)
... Removed 30 stack frames]]>
    </failure>
  </testcase> <!-- Testcase1 -->
</testsuite> <!-- Test -->
